<?xml version="1.0" encoding="UTF-8"?>
<!-- Generated by org.testng.reporters.JUnitReportReporter -->
<testsuite skipped="0" hostname="L-0301" name="com.avin.automation.ApplyReset" tests="1" failures="0" timestamp="2022-04-21T13:01:00 IST" time="81.673" errors="0">
  <testcase name="testApplyRest" time="81.673" classname="com.avin.automation.ApplyReset"/>
</testsuite> <!-- ApplyReset -->
