<?xml version="1.0" encoding="UTF-8"?>
<!-- Generated by org.testng.reporters.JUnitReportReporter -->
<testsuite skipped="0" hostname="L-0301" name="com.avin.automation.UpgradeToFrom" tests="1" failures="0" timestamp="2022-04-21T15:27:02 IST" time="732.510" errors="0">
  <testcase name="testUpgradeToFrom" time="732.510" classname="com.avin.automation.UpgradeToFrom"/>
</testsuite> <!-- com.avin.automation.UpgradeToFrom -->
