<?xml version="1.0" encoding="UTF-8"?>
<!-- Generated by org.testng.reporters.JUnitReportReporter -->
<testsuite skipped="0" hostname="L-0301" name="com.avin.automation.AddCredentials" tests="1" failures="0" timestamp="2022-04-21T15:27:02 IST" time="9.441" errors="0">
  <testcase name="testAddCredentials" time="9.441" classname="com.avin.automation.AddCredentials"/>
</testsuite> <!-- com.avin.automation.AddCredentials -->
